


ARM Macro Assembler    Page 1 


    1 00000000         ;*------------------------------------------------------
                       -------------
    2 00000000         ;* Name:     lab_4_program.s 
    3 00000000         ;* Purpose:  A sample style for lab-4
    4 00000000         ;* Term:  Winter 2014
    5 00000000         ;*------------------------------------------------------
                       -------------
    6 00000000                 THUMB                        ; Declare THUMB ins
                                                            truction set 
    7 00000000                 AREA             My_code, CODE, READONLY ; 
    8 00000000                 EXPORT           __MAIN      ; Label __MAIN is u
                                                            sed externally 
    9 00000000                 EXPORT           EINT3_IRQHandler ; without this
                                                             the interupt routi
                                                            ne will not be foun
                                                            d
   10 00000000         
   11 00000000                 ENTRY
   12 00000000         
   13 00000000         __MAIN
   14 00000000         
   15 00000000         ; The following lines are similar to previous labs.
   16 00000000         ; They just turn off all LEDs 
   17 00000000 F8DF A104       LDR              R10, =LED_BASE_ADR ; R10 is a  
                                                            pointer to the base
                                                             address for the LE
                                                            Ds
   18 00000004 F04F 4330       MOV              R3, #0xB0000000 ; Turn off thre
                                                            e LEDs on port 1  
   19 00000008 F8CA 3020       STR              R3, [r10, #0x20]
   20 0000000C F04F 037C       MOV              R3, #0x0000007C
   21 00000010 F8CA 3040       STR              R3, [R10, #0x40] ; Turn off fiv
                                                            e LEDs on port 2
   22 00000014         
   23 00000014         ;  MOV   R9, #0x1388
   24 00000014         ;   MOVT  R9, #0x0147
   25 00000014         ;    SDIV   R3, R3, R9
   26 00000014         
   27 00000014 4B3D            LDR              R3, =ISER0
   28 00000016 F44F 1200       MOV              R2, #0x00200000 ; bit 21 is set
                                                             to 1
   29 0000001A 601A            STR              R2, [R3]
   30 0000001C         
   31 0000001C 4B3C            LDR              R3, =IO2IntEnf
   32 0000001E F44F 6280       MOV              R2, #0x00000400 ; bit 10 is set
                                                             to 1
   33 00000022 601A            STR              R2, [R3]
   34 00000024         
   35 00000024         
   36 00000024         
   37 00000024 F000 F81C 
                       loopy   BL               RNG
   38 00000028 EA4F 6B1B       LSR              R11, #24
   39 0000002C 465B            MOV              R3, R11
   40 0000002E 2BC8            CMP              R3, #200
   41 00000030 DCF8            BGT              loopy
   42 00000032         
   43 00000032 F103 0332       ADD              R3, R3, #50
   44 00000036 461E            MOV              R6, R3



ARM Macro Assembler    Page 2 


   45 00000038         
   46 00000038         
   47 00000038         display_loop
   48 00000038 F04F 000A       MOV              R0, #10
   49 0000003C F000 F82C       BL               DELAY
   50 00000040 3E0A            SUBS             R6, R6, #10
   51 00000042 2E00            CMP              R6, #0
   52 00000044 BFB8 2600       MOVLT            R6, #0
   53 00000048 4633            MOV              R3, R6
   54 0000004A F000 F831       BL               DISPLAY_NUM
   55 0000004E F096 0F00       TEQ              R6, #0
   56 00000052 D0E7            BEQ              loopy
   57 00000054 DCF0            BGT              display_loop
   58 00000056         
   59 00000056         
   60 00000056         
   61 00000056         
   62 00000056         
   63 00000056         
   64 00000056         ; This line is very important in your main program
   65 00000056         ; Initializes R11 to a 16-bit non-zero value and NOTHING
                        else can write to R11 !!
   66 00000056 F64A 3BCD       MOV              R11, #0xABCD ; Init the random 
                                                            number generator wi
                                                            th a non-zero numbe
                                                            r
   67 0000005A F000 F801 
                       LOOP    BL               RNG
   68 0000005E E7FC            B                LOOP
   69 00000060         
   70 00000060         
   71 00000060         
   72 00000060         ;
   73 00000060         ; Your main program can appear here 
   74 00000060         ;
   75 00000060         
   76 00000060         
   77 00000060         
   78 00000060         ;*------------------------------------------------------
                       ------------- 
   79 00000060         ; Subroutine RNG ... Generates a pseudo-Random Number in
                        R11 
   80 00000060         ;*------------------------------------------------------
                       ------------- 
   81 00000060         ; R11 holds a random number as per the Linear feedback s
                       hift register (Fibonacci) on WikiPedia
   82 00000060         ; R11 MUST be initialized to a non-zero 16-bit value at 
                       the start of the program
   83 00000060         ; R11 can be read anywhere in the code but must only be 
                       written to by this subroutine
   84 00000060 B50E    RNG     STMFD            R13!,{R1-R3, R14} ; Random Numb
                                                            er Generator 
   85 00000062 F40B 4100       AND              R1, R11, #0x8000
   86 00000066 F40B 5200       AND              R2, R11, #0x2000
   87 0000006A EA4F 0282       LSL              R2, #2
   88 0000006E EA81 0302       EOR              R3, R1, R2
   89 00000072 F40B 5180       AND              R1, R11, #0x1000
   90 00000076 EA4F 01C1       LSL              R1, #3
   91 0000007A EA83 0301       EOR              R3, R3, R1



ARM Macro Assembler    Page 3 


   92 0000007E F40B 6180       AND              R1, R11, #0x0400
   93 00000082 EA4F 1141       LSL              R1, #5
   94 00000086 EA83 0301       EOR              R3, R3, R1  ; The new bit to go
                                                             into the LSB is pr
                                                            esent
   95 0000008A EA4F 33D3       LSR              R3, #15
   96 0000008E EA4F 0B4B       LSL              R11, #1
   97 00000092 EA4B 0B03       ORR              R11, R11, R3
   98 00000096 BD0E            LDMFD            R13!,{R1-R3, R15}
   99 00000098         
  100 00000098         ;*------------------------------------------------------
                       ------------- 
  101 00000098         ; Subroutine DELAY ... Causes a delay of 1ms * R0 times
  102 00000098         ;*------------------------------------------------------
                       ------------- 
  103 00000098         ;   aim for better than 10% accuracy
  104 00000098 B504    DELAY   STMFD            R13!,{R2, R14}
  105 0000009A F090 0F00 
                       MultipleDelay
                               TEQ              R0, #0      ; test R0 to see if
                                                             it's 0 - set Zero 
                                                            flag so you can use
                                                             BEQ, BNE
  106 0000009E F24E 42B1       MOV              R2, #0xE4B1
  107 000000A2 F2C0 0201       MOVT             R2, #0x0001
  108 000000A6         ;MOV   R2, #0x007C
  109 000000A6 FB00 F002       MUL              R0, R0, R2
  110 000000AA         
  111 000000AA         Loop
  112 000000AA 3801            SUBS             R0, #1      ; Decrement r0 and 
                                                            set the N,Z,C statu
                                                            s bits
  113 000000AC D1FD            BNE              Loop
  114 000000AE BD04    exitDelay
                               LDMFD            R13!,{R2, R15}
  115 000000B0         
  116 000000B0         ; The Interrupt Service Routine MUST be in the startup f
                       ile for simulation 
  117 000000B0         ;   to work correctly.  Add it where there is the label 
                       "EINT3_IRQHandler
  118 000000B0         ;
  119 000000B0         ;*------------------------------------------------------
                       ------------- 
  120 000000B0         ; Interrupt Service Routine (ISR) for EINT3_IRQHandler 
  121 000000B0         ;*------------------------------------------------------
                       ------------- 
  122 000000B0         ; This ISR handles the interrupt triggered when the INT0
                        push-button is pressed 
  123 000000B0         ; with the assumption that the interrupt activation is d
                       one in the main program
  124 000000B0         ; EINT3_IRQHandler  
  125 000000B0         ; STMFD   ...     ; Use this command if you need it  
  126 000000B0         ; ;
  127 000000B0         ; ; Code that handles the interrupt 
  128 000000B0         ; ;
  129 000000B0         ; LDMFD   ...     ; Use this command if you used STMFD (
                       otherwise use BX LR) 
  130 000000B0         
  131 000000B0         ; ;



ARM Macro Assembler    Page 4 


  132 000000B0         ; Display the number in R3 onto the 8 LEDs
  133 000000B0 B51E    DISPLAY_NUM
                               STMFD            R13!,{R1, R2, R3, R4, R14}
  134 000000B2 F04F 0205       MOV              R2, #5
  135 000000B6 F04F 0400       MOV              R4, #0
  136 000000BA         
  137 000000BA 085B    FIRST_FIVE
                               LSRS             R3, R3, #1
  138 000000BC EA4F 0444       LSL              R4, R4, #1
  139 000000C0 BF38 1C64       ADDCC            R4, R4, #1
  140 000000C4 1E52            SUBS             R2, R2, #1
  141 000000C6 D1F8            BNE              FIRST_FIVE
  142 000000C8         
  143 000000C8 EA4F 0484       LSL              R4, R4, #2
  144 000000CC         
  145 000000CC F8CA 4040       STR              R4, [R10, #0x40]
  146 000000D0         
  147 000000D0 F04F 0203       MOV              R2, #3
  148 000000D4 F04F 0400       MOV              R4, #0
  149 000000D8 F092 0F02 
                       LAST_THREE
                               TEQ              R2, #2
  150 000000DC BF08 0064       LSLEQ            R4, R4, #1
  151 000000E0 085B            LSRS             R3, R3, #1
  152 000000E2 EA4F 0444       LSL              R4, R4, #1
  153 000000E6 BF38 1C64       ADDCC            R4, R4, #1
  154 000000EA 1E52            SUBS             R2, R2, #1
  155 000000EC D1F4            BNE              LAST_THREE
  156 000000EE         
  157 000000EE EA4F 7404       LSL              R4, R4, #28
  158 000000F2         
  159 000000F2 F8CA 4020       STR              R4, [R10, #0x20]
  160 000000F6         
  161 000000F6         ; Usefull commaands:  RBIT (reverse bits), BFC (bit fiel
                       d clear), LSR & LSL to shift bits left and right, ORR & 
                       AND and EOR for bitwise operations
  162 000000F6         
  163 000000F6 BD1E            LDMFD            R13!,{R1, R2, R3, R4, R15}
  164 000000F8         
  165 000000F8 B530    EINT3_IRQHandler
                               STMFD            R13!,{R4, R5, R14}
  166 000000FA         
  167 000000FA F04F 0600       MOV              R6, #0
  168 000000FE 4D05            LDR              R5, =IO2IntClr
  169 00000100 F44F 6480       MOV              R4, #0x400  ; bit 10 is set to 
                                                            1
  170 00000104 602C            STR              R4, [R5]
  171 00000106         
  172 00000106 BD30            LDMFD            R13!,{R4, R5, R15}
  173 00000108         ;*------------------------------------------------------
                       -------------
  174 00000108         ; Below is a list of useful registers with their respect
                       ive memory addresses.
  175 00000108         ;*------------------------------------------------------
                       ------------- 
  176 00000108 2009C000 
                       LED_BASE_ADR
                               EQU              0x2009c000  ; Base address of t
                                                            he memory that cont



ARM Macro Assembler    Page 5 


                                                            rols the LEDs 
  177 00000108 4002C00C 
                       PINSEL3 EQU              0x4002C00C  ; Pin Select Regist
                                                            er 3 for P1[31:16]
  178 00000108 4002C010 
                       PINSEL4 EQU              0x4002C010  ; Pin Select Regist
                                                            er 4 for P2[15:0]
  179 00000108 2009C020 
                       FIO1DIR EQU              0x2009C020  ; Fast Input Output
                                                             Direction Register
                                                             for Port 1 
  180 00000108 2009C040 
                       FIO2DIR EQU              0x2009C040  ; Fast Input Output
                                                             Direction Register
                                                             for Port 2 
  181 00000108 2009C038 
                       FIO1SET EQU              0x2009C038  ; Fast Input Output
                                                             Set Register for P
                                                            ort 1 
  182 00000108 2009C058 
                       FIO2SET EQU              0x2009C058  ; Fast Input Output
                                                             Set Register for P
                                                            ort 2 
  183 00000108 2009C03C 
                       FIO1CLR EQU              0x2009C03C  ; Fast Input Output
                                                             Clear Register for
                                                             Port 1 
  184 00000108 2009C05C 
                       FIO2CLR EQU              0x2009C05C  ; Fast Input Output
                                                             Clear Register for
                                                             Port 2 
  185 00000108 400280B4 
                       IO2IntEnf
                               EQU              0x400280B4  ; GPIO Interrupt En
                                                            able for port 2 Fal
                                                            ling Edge 
  186 00000108 E000E100 
                       ISER0   EQU              0xE000E100  ; Interrupt Set-Ena
                                                            ble Register 0 
  187 00000108         
  188 00000108 400280AC 
                       IO2IntClr
                               EQU              0x400280AC  ; Interrupt Port 2 
                                                            Clear Register
  189 00000108         
  190 00000108                 ALIGN
  191 00000108         
  192 00000108                 END
              2009C000 
              E000E100 
              400280B4 
              400280AC 
Command Line: --debug --xref --cpu=Cortex-M3 --apcs=interwork --depend=lab4_tem
plate.d -olab4_template.o -IC:\Software\Keil\ARM\RV31\INC -IC:\Software\Keil\AR
M\CMSIS\Include -IC:\Software\Keil\ARM\Inc\NXP\LPC17xx --list=lab4_template.lst
 lab4_template.s



ARM Macro Assembler    Page 1 Alphabetic symbol ordering
Relocatable symbols

DELAY 00000098

Symbol: DELAY
   Definitions
      At line 104 in file lab4_template.s
   Uses
      At line 49 in file lab4_template.s
Comment: DELAY used once
DISPLAY_NUM 000000B0

Symbol: DISPLAY_NUM
   Definitions
      At line 133 in file lab4_template.s
   Uses
      At line 54 in file lab4_template.s
Comment: DISPLAY_NUM used once
EINT3_IRQHandler 000000F8

Symbol: EINT3_IRQHandler
   Definitions
      At line 165 in file lab4_template.s
   Uses
      At line 9 in file lab4_template.s
Comment: EINT3_IRQHandler used once
FIRST_FIVE 000000BA

Symbol: FIRST_FIVE
   Definitions
      At line 137 in file lab4_template.s
   Uses
      At line 141 in file lab4_template.s
Comment: FIRST_FIVE used once
LAST_THREE 000000D8

Symbol: LAST_THREE
   Definitions
      At line 149 in file lab4_template.s
   Uses
      At line 155 in file lab4_template.s
Comment: LAST_THREE used once
LOOP 0000005A

Symbol: LOOP
   Definitions
      At line 67 in file lab4_template.s
   Uses
      At line 68 in file lab4_template.s
Comment: LOOP used once
Loop 000000AA

Symbol: Loop
   Definitions
      At line 111 in file lab4_template.s
   Uses
      At line 113 in file lab4_template.s
Comment: Loop used once
MultipleDelay 0000009A

Symbol: MultipleDelay



ARM Macro Assembler    Page 2 Alphabetic symbol ordering
Relocatable symbols

   Definitions
      At line 105 in file lab4_template.s
   Uses
      None
Comment: MultipleDelay unused
My_code 00000000

Symbol: My_code
   Definitions
      At line 7 in file lab4_template.s
   Uses
      None
Comment: My_code unused
RNG 00000060

Symbol: RNG
   Definitions
      At line 84 in file lab4_template.s
   Uses
      At line 37 in file lab4_template.s
      At line 67 in file lab4_template.s

__MAIN 00000000

Symbol: __MAIN
   Definitions
      At line 13 in file lab4_template.s
   Uses
      At line 8 in file lab4_template.s
Comment: __MAIN used once
display_loop 00000038

Symbol: display_loop
   Definitions
      At line 47 in file lab4_template.s
   Uses
      At line 57 in file lab4_template.s
Comment: display_loop used once
exitDelay 000000AE

Symbol: exitDelay
   Definitions
      At line 114 in file lab4_template.s
   Uses
      None
Comment: exitDelay unused
loopy 00000024

Symbol: loopy
   Definitions
      At line 37 in file lab4_template.s
   Uses
      At line 41 in file lab4_template.s
      At line 56 in file lab4_template.s

14 symbols



ARM Macro Assembler    Page 1 Alphabetic symbol ordering
Absolute symbols

FIO1CLR 2009C03C

Symbol: FIO1CLR
   Definitions
      At line 183 in file lab4_template.s
   Uses
      None
Comment: FIO1CLR unused
FIO1DIR 2009C020

Symbol: FIO1DIR
   Definitions
      At line 179 in file lab4_template.s
   Uses
      None
Comment: FIO1DIR unused
FIO1SET 2009C038

Symbol: FIO1SET
   Definitions
      At line 181 in file lab4_template.s
   Uses
      None
Comment: FIO1SET unused
FIO2CLR 2009C05C

Symbol: FIO2CLR
   Definitions
      At line 184 in file lab4_template.s
   Uses
      None
Comment: FIO2CLR unused
FIO2DIR 2009C040

Symbol: FIO2DIR
   Definitions
      At line 180 in file lab4_template.s
   Uses
      None
Comment: FIO2DIR unused
FIO2SET 2009C058

Symbol: FIO2SET
   Definitions
      At line 182 in file lab4_template.s
   Uses
      None
Comment: FIO2SET unused
IO2IntClr 400280AC

Symbol: IO2IntClr
   Definitions
      At line 188 in file lab4_template.s
   Uses
      At line 168 in file lab4_template.s
Comment: IO2IntClr used once
IO2IntEnf 400280B4

Symbol: IO2IntEnf



ARM Macro Assembler    Page 2 Alphabetic symbol ordering
Absolute symbols

   Definitions
      At line 185 in file lab4_template.s
   Uses
      At line 31 in file lab4_template.s
Comment: IO2IntEnf used once
ISER0 E000E100

Symbol: ISER0
   Definitions
      At line 186 in file lab4_template.s
   Uses
      At line 27 in file lab4_template.s
Comment: ISER0 used once
LED_BASE_ADR 2009C000

Symbol: LED_BASE_ADR
   Definitions
      At line 176 in file lab4_template.s
   Uses
      At line 17 in file lab4_template.s
Comment: LED_BASE_ADR used once
PINSEL3 4002C00C

Symbol: PINSEL3
   Definitions
      At line 177 in file lab4_template.s
   Uses
      None
Comment: PINSEL3 unused
PINSEL4 4002C010

Symbol: PINSEL4
   Definitions
      At line 178 in file lab4_template.s
   Uses
      None
Comment: PINSEL4 unused
12 symbols
358 symbols in table
